<?xml version="1.0" encoding="UTF-8"?>
<testng-results ignored="0" total="6" passed="4" failed="2" skipped="0">
  <reporter-output>
  </reporter-output>
  <suite started-at="2024-12-05T21:14:05 IST" name="Suite" finished-at="2024-12-05T21:16:02 IST" duration-ms="117061">
    <groups>
    </groups>
    <test started-at="2024-12-05T21:14:05 IST" name="Test" finished-at="2024-12-05T21:16:02 IST" duration-ms="117061">
      <class name="com.jala.qa.testlayer.LoginTestPage">
        <test-method is-config="true" signature="setUp()[pri:0, instance:com.jala.qa.testlayer.LoginTestPage@2c78d320]" started-at="2024-12-05T21:14:05 IST" name="setUp" finished-at="2024-12-05T21:14:15 IST" duration-ms="10097" status="PASS">
          <reporter-output>
          </reporter-output>
        </test-method> <!-- setUp -->
        <test-method signature="validateLoginPage()[pri:0, instance:com.jala.qa.testlayer.LoginTestPage@2c78d320]" started-at="2024-12-05T21:14:15 IST" name="validateLoginPage" finished-at="2024-12-05T21:14:19 IST" duration-ms="4382" status="FAIL">
          <exception class="java.lang.AssertionError">
            <message>
              <![CDATA[TC failed expected [https://magnus.jalatechnologies.com/Home/Index123] but found [https://magnus.jalatechnologies.com/Home/Index]]]>
            </message>
            <full-stacktrace>
              <![CDATA[java.lang.AssertionError: TC failed expected [https://magnus.jalatechnologies.com/Home/Index123] but found [https://magnus.jalatechnologies.com/Home/Index]
at org.testng.Assert.fail(Assert.java:99)
at org.testng.Assert.failNotEquals(Assert.java:1037)
at org.testng.Assert.assertEqualsImpl(Assert.java:140)
at org.testng.Assert.assertEquals(Assert.java:122)
at org.testng.Assert.assertEquals(Assert.java:629)
at com.jala.qa.testlayer.LoginTestPage.validateLoginPage(LoginTestPage.java:36)
at java.base/jdk.internal.reflect.NativeMethodAccessorImpl.invoke0(Native Method)
at java.base/jdk.internal.reflect.NativeMethodAccessorImpl.invoke(NativeMethodAccessorImpl.java:77)
at java.base/jdk.internal.reflect.DelegatingMethodAccessorImpl.invoke(DelegatingMethodAccessorImpl.java:43)
at java.base/java.lang.reflect.Method.invoke(Method.java:568)
at org.testng.internal.MethodInvocationHelper.invokeMethod(MethodInvocationHelper.java:133)
at org.testng.internal.TestInvoker.invokeMethod(TestInvoker.java:598)
at org.testng.internal.TestInvoker.invokeTestMethod(TestInvoker.java:173)
at org.testng.internal.MethodRunner.runInSequence(MethodRunner.java:46)
at org.testng.internal.TestInvoker$MethodInvocationAgent.invoke(TestInvoker.java:824)
at org.testng.internal.TestInvoker.invokeTestMethods(TestInvoker.java:146)
at org.testng.internal.TestMethodWorker.invokeTestMethods(TestMethodWorker.java:146)
at org.testng.internal.TestMethodWorker.run(TestMethodWorker.java:128)
at java.base/java.util.ArrayList.forEach(ArrayList.java:1511)
at org.testng.TestRunner.privateRun(TestRunner.java:794)
at org.testng.TestRunner.run(TestRunner.java:596)
at org.testng.SuiteRunner.runTest(SuiteRunner.java:377)
at org.testng.SuiteRunner.runSequentially(SuiteRunner.java:371)
at org.testng.SuiteRunner.privateRun(SuiteRunner.java:332)
at org.testng.SuiteRunner.run(SuiteRunner.java:276)
at org.testng.SuiteRunnerWorker.runSuite(SuiteRunnerWorker.java:53)
at org.testng.SuiteRunnerWorker.run(SuiteRunnerWorker.java:96)
at org.testng.TestNG.runSuitesSequentially(TestNG.java:1212)
at org.testng.TestNG.runSuitesLocally(TestNG.java:1134)
at org.testng.TestNG.runSuites(TestNG.java:1063)
at org.testng.TestNG.run(TestNG.java:1031)
at org.testng.remote.AbstractRemoteTestNG.run(AbstractRemoteTestNG.java:115)
at org.testng.remote.RemoteTestNG.initAndRun(RemoteTestNG.java:293)
at org.testng.remote.RemoteTestNG.main(RemoteTestNG.java:91)
]]>
            </full-stacktrace>
          </exception> <!-- java.lang.AssertionError -->
          <reporter-output>
          </reporter-output>
        </test-method> <!-- validateLoginPage -->
        <test-method is-config="true" signature="tearDown()[pri:0, instance:com.jala.qa.testlayer.LoginTestPage@2c78d320]" started-at="2024-12-05T21:14:20 IST" name="tearDown" finished-at="2024-12-05T21:14:24 IST" duration-ms="4633" status="PASS">
          <reporter-output>
          </reporter-output>
        </test-method> <!-- tearDown -->
      </class> <!-- com.jala.qa.testlayer.LoginTestPage -->
      <class name="com.jala.qa.testlayer.CreaeEmployeeTestPage">
        <test-method is-config="true" signature="setUp()[pri:0, instance:com.jala.qa.testlayer.CreaeEmployeeTestPage@56928307]" started-at="2024-12-05T21:14:25 IST" name="setUp" finished-at="2024-12-05T21:14:34 IST" duration-ms="9066" status="PASS">
          <reporter-output>
          </reporter-output>
        </test-method> <!-- setUp -->
        <test-method signature="validateEmployeePage(java.lang.String,java.lang.String,java.lang.String,java.lang.String,java.lang.String,java.lang.String)[pri:0, instance:com.jala.qa.testlayer.CreaeEmployeeTestPage@56928307]" started-at="2024-12-05T21:14:34 IST" name="validateEmployeePage" data-provider="getdataFromExcelSheet" finished-at="2024-12-05T21:14:36 IST" duration-ms="1572" status="PASS">
          <params>
            <param index="0">
              <value>
                <![CDATA[abc]]>
              </value>
            </param>
            <param index="1">
              <value>
                <![CDATA[xyz]]>
              </value>
            </param>
            <param index="2">
              <value>
                <![CDATA[abc@gmail.co]]>
              </value>
            </param>
            <param index="3">
              <value>
                <![CDATA[8.474837934E9]]>
              </value>
            </param>
            <param index="4">
              <value>
                <![CDATA[15-Oct-2024]]>
              </value>
            </param>
            <param index="5">
              <value>
                <![CDATA[pune]]>
              </value>
            </param>
          </params>
          <reporter-output>
          </reporter-output>
        </test-method> <!-- validateEmployeePage -->
        <test-method is-config="true" signature="tearDown()[pri:0, instance:com.jala.qa.testlayer.CreaeEmployeeTestPage@56928307]" started-at="2024-12-05T21:14:36 IST" name="tearDown" finished-at="2024-12-05T21:14:40 IST" duration-ms="4625" status="PASS">
          <reporter-output>
          </reporter-output>
        </test-method> <!-- tearDown -->
        <test-method is-config="true" signature="setUp()[pri:0, instance:com.jala.qa.testlayer.CreaeEmployeeTestPage@56928307]" started-at="2024-12-05T21:14:40 IST" name="setUp" finished-at="2024-12-05T21:14:51 IST" duration-ms="11319" status="PASS">
          <reporter-output>
          </reporter-output>
        </test-method> <!-- setUp -->
        <test-method signature="validateEmployeePage(java.lang.String,java.lang.String,java.lang.String,java.lang.String,java.lang.String,java.lang.String)[pri:0, instance:com.jala.qa.testlayer.CreaeEmployeeTestPage@56928307]" started-at="2024-12-05T21:14:51 IST" name="validateEmployeePage" data-provider="getdataFromExcelSheet" finished-at="2024-12-05T21:14:53 IST" duration-ms="1791" status="PASS">
          <params>
            <param index="0">
              <value>
                <![CDATA[pqa]]>
              </value>
            </param>
            <param index="1">
              <value>
                <![CDATA[gns]]>
              </value>
            </param>
            <param index="2">
              <value>
                <![CDATA[pqr@gmail.com]]>
              </value>
            </param>
            <param index="3">
              <value>
                <![CDATA[6.578953622E9]]>
              </value>
            </param>
            <param index="4">
              <value>
                <![CDATA[19-Nov-2004]]>
              </value>
            </param>
            <param index="5">
              <value>
                <![CDATA[delhi]]>
              </value>
            </param>
          </params>
          <reporter-output>
          </reporter-output>
        </test-method> <!-- validateEmployeePage -->
        <test-method is-config="true" signature="tearDown()[pri:0, instance:com.jala.qa.testlayer.CreaeEmployeeTestPage@56928307]" started-at="2024-12-05T21:14:53 IST" name="tearDown" finished-at="2024-12-05T21:14:58 IST" duration-ms="4557" status="PASS">
          <reporter-output>
          </reporter-output>
        </test-method> <!-- tearDown -->
        <test-method is-config="true" signature="setUp()[pri:0, instance:com.jala.qa.testlayer.CreaeEmployeeTestPage@56928307]" started-at="2024-12-05T21:14:58 IST" name="setUp" finished-at="2024-12-05T21:15:10 IST" duration-ms="12260" status="PASS">
          <reporter-output>
          </reporter-output>
        </test-method> <!-- setUp -->
        <test-method signature="validateEmployeePage(java.lang.String,java.lang.String,java.lang.String,java.lang.String,java.lang.String,java.lang.String)[pri:0, instance:com.jala.qa.testlayer.CreaeEmployeeTestPage@56928307]" started-at="2024-12-05T21:15:10 IST" name="validateEmployeePage" data-provider="getdataFromExcelSheet" finished-at="2024-12-05T21:15:12 IST" duration-ms="1658" status="PASS">
          <params>
            <param index="0">
              <value>
                <![CDATA[xyz]]>
              </value>
            </param>
            <param index="1">
              <value>
                <![CDATA[pwq]]>
              </value>
            </param>
            <param index="2">
              <value>
                <![CDATA[azy@com.com]]>
              </value>
            </param>
            <param index="3">
              <value>
                <![CDATA[9.867437483E9]]>
              </value>
            </param>
            <param index="4">
              <value>
                <![CDATA[23-Oct-2005]]>
              </value>
            </param>
            <param index="5">
              <value>
                <![CDATA[hyderabad]]>
              </value>
            </param>
          </params>
          <reporter-output>
          </reporter-output>
        </test-method> <!-- validateEmployeePage -->
        <test-method is-config="true" signature="tearDown()[pri:0, instance:com.jala.qa.testlayer.CreaeEmployeeTestPage@56928307]" started-at="2024-12-05T21:15:12 IST" name="tearDown" finished-at="2024-12-05T21:15:16 IST" duration-ms="4479" status="PASS">
          <reporter-output>
          </reporter-output>
        </test-method> <!-- tearDown -->
        <test-method is-config="true" signature="setUp()[pri:0, instance:com.jala.qa.testlayer.CreaeEmployeeTestPage@56928307]" started-at="2024-12-05T21:15:16 IST" name="setUp" finished-at="2024-12-05T21:15:26 IST" duration-ms="10167" status="PASS">
          <reporter-output>
          </reporter-output>
        </test-method> <!-- setUp -->
        <test-method signature="validateEmployeePage(java.lang.String,java.lang.String,java.lang.String,java.lang.String,java.lang.String,java.lang.String)[pri:0, instance:com.jala.qa.testlayer.CreaeEmployeeTestPage@56928307]" started-at="2024-12-05T21:15:26 IST" name="validateEmployeePage" data-provider="getdataFromExcelSheet" finished-at="2024-12-05T21:15:30 IST" duration-ms="3496" status="PASS">
          <params>
            <param index="0">
              <value>
                <![CDATA[pqa]]>
              </value>
            </param>
            <param index="1">
              <value>
                <![CDATA[gns]]>
              </value>
            </param>
            <param index="2">
              <value>
                <![CDATA[pqr@gmail.com]]>
              </value>
            </param>
            <param index="3">
              <value>
                <![CDATA[6.578953622E9]]>
              </value>
            </param>
            <param index="4">
              <value>
                <![CDATA[19-Nov-2004]]>
              </value>
            </param>
            <param index="5">
              <value>
                <![CDATA[delhi]]>
              </value>
            </param>
          </params>
          <reporter-output>
          </reporter-output>
        </test-method> <!-- validateEmployeePage -->
        <test-method is-config="true" signature="tearDown()[pri:0, instance:com.jala.qa.testlayer.CreaeEmployeeTestPage@56928307]" started-at="2024-12-05T21:15:30 IST" name="tearDown" finished-at="2024-12-05T21:15:34 IST" duration-ms="4467" status="PASS">
          <reporter-output>
          </reporter-output>
        </test-method> <!-- tearDown -->
      </class> <!-- com.jala.qa.testlayer.CreaeEmployeeTestPage -->
      <class name="com.jala.qa.testlayer.HomeTestPage">
        <test-method is-config="true" signature="setUp()[pri:0, instance:com.jala.qa.testlayer.HomeTestPage@3899782c]" started-at="2024-12-05T21:15:34 IST" name="setUp" finished-at="2024-12-05T21:15:42 IST" duration-ms="8054" status="PASS">
          <reporter-output>
          </reporter-output>
        </test-method> <!-- setUp -->
        <test-method signature="validateHomepage()[pri:0, instance:com.jala.qa.testlayer.HomeTestPage@3899782c]" started-at="2024-12-05T21:15:42 IST" name="validateHomepage" finished-at="2024-12-05T21:15:57 IST" duration-ms="15036" status="FAIL">
          <exception class="org.openqa.selenium.NoSuchElementException">
            <message>
              <![CDATA[no such element: Unable to locate element: {"method":"xpath","selector":"//span[text()='Logout']"}
  (Session info: chrome=131.0.6778.87)
For documentation on this error, please visit: https://www.selenium.dev/documentation/webdriver/troubleshooting/errors#no-such-element-exception
Build info: version: '4.27.0', revision: 'd6e718d134'
System info: os.name: 'Windows 11', os.arch: 'amd64', os.version: '10.0', java.version: '17.0.11'
Driver info: org.openqa.selenium.chrome.ChromeDriver
Command: [d10e97362a532ed07f0a9e4528b4a675, findElement {value=//span[text()='Logout'], using=xpath}]
Capabilities {acceptInsecureCerts: false, browserName: chrome, browserVersion: 131.0.6778.87, chrome: {chromedriverVersion: 131.0.6778.87 (ce31cae94873..., userDataDir: C:\Users\OMSAIA~1\AppData\L...}, fedcm:accounts: true, goog:chromeOptions: {debuggerAddress: localhost:50398}, networkConnectionEnabled: false, pageLoadStrategy: normal, platformName: windows, proxy: Proxy(), se:cdp: ws://localhost:50398/devtoo..., se:cdpVersion: 131.0.6778.87, setWindowRect: true, strictFileInteractability: false, timeouts: {implicit: 0, pageLoad: 300000, script: 30000}, unhandledPromptBehavior: dismiss and notify, webauthn:extension:credBlob: true, webauthn:extension:largeBlob: true, webauthn:extension:minPinLength: true, webauthn:extension:prf: true, webauthn:virtualAuthenticators: true}
Session ID: d10e97362a532ed07f0a9e4528b4a675]]>
            </message>
            <full-stacktrace>
              <![CDATA[org.openqa.selenium.NoSuchElementException: no such element: Unable to locate element: {"method":"xpath","selector":"//span[text()='Logout']"}
  (Session info: chrome=131.0.6778.87)
For documentation on this error, please visit: https://www.selenium.dev/documentation/webdriver/troubleshooting/errors#no-such-element-exception
Build info: version: '4.27.0', revision: 'd6e718d134'
System info: os.name: 'Windows 11', os.arch: 'amd64', os.version: '10.0', java.version: '17.0.11'
Driver info: org.openqa.selenium.chrome.ChromeDriver
Command: [d10e97362a532ed07f0a9e4528b4a675, findElement {value=//span[text()='Logout'], using=xpath}]
Capabilities {acceptInsecureCerts: false, browserName: chrome, browserVersion: 131.0.6778.87, chrome: {chromedriverVersion: 131.0.6778.87 (ce31cae94873..., userDataDir: C:\Users\OMSAIA~1\AppData\L...}, fedcm:accounts: true, goog:chromeOptions: {debuggerAddress: localhost:50398}, networkConnectionEnabled: false, pageLoadStrategy: normal, platformName: windows, proxy: Proxy(), se:cdp: ws://localhost:50398/devtoo..., se:cdpVersion: 131.0.6778.87, setWindowRect: true, strictFileInteractability: false, timeouts: {implicit: 0, pageLoad: 300000, script: 30000}, unhandledPromptBehavior: dismiss and notify, webauthn:extension:credBlob: true, webauthn:extension:largeBlob: true, webauthn:extension:minPinLength: true, webauthn:extension:prf: true, webauthn:virtualAuthenticators: true}
Session ID: d10e97362a532ed07f0a9e4528b4a675
at java.base/jdk.internal.reflect.NativeConstructorAccessorImpl.newInstance0(Native Method)
at java.base/jdk.internal.reflect.NativeConstructorAccessorImpl.newInstance(NativeConstructorAccessorImpl.java:77)
at java.base/jdk.internal.reflect.DelegatingConstructorAccessorImpl.newInstance(DelegatingConstructorAccessorImpl.java:45)
at java.base/java.lang.reflect.Constructor.newInstanceWithCaller(Constructor.java:499)
at java.base/java.lang.reflect.Constructor.newInstance(Constructor.java:480)
at org.openqa.selenium.remote.ErrorCodec.decode(ErrorCodec.java:167)
at org.openqa.selenium.remote.codec.w3c.W3CHttpResponseCodec.decode(W3CHttpResponseCodec.java:138)
at org.openqa.selenium.remote.codec.w3c.W3CHttpResponseCodec.decode(W3CHttpResponseCodec.java:50)
at org.openqa.selenium.remote.HttpCommandExecutor.execute(HttpCommandExecutor.java:190)
at org.openqa.selenium.remote.service.DriverCommandExecutor.invokeExecute(DriverCommandExecutor.java:216)
at org.openqa.selenium.remote.service.DriverCommandExecutor.execute(DriverCommandExecutor.java:174)
at org.openqa.selenium.remote.RemoteWebDriver.execute(RemoteWebDriver.java:545)
at org.openqa.selenium.remote.ElementLocation$ElementFinder$2.findElement(ElementLocation.java:165)
at org.openqa.selenium.remote.ElementLocation.findElement(ElementLocation.java:59)
at org.openqa.selenium.remote.RemoteWebDriver.findElement(RemoteWebDriver.java:368)
at org.openqa.selenium.remote.RemoteWebDriver.findElement(RemoteWebDriver.java:362)
at org.openqa.selenium.support.pagefactory.DefaultElementLocator.findElement(DefaultElementLocator.java:68)
at org.openqa.selenium.support.pagefactory.internal.LocatingElementHandler.invoke(LocatingElementHandler.java:38)
at jdk.proxy2/jdk.proxy2.$Proxy15.click(Unknown Source)
at com.jala.qa.pagelayer.HomePage.clickOnLogOutBtn(HomePage.java:42)
at com.jala.qa.testlayer.HomeTestPage.validateHomepage(HomeTestPage.java:32)
at java.base/jdk.internal.reflect.NativeMethodAccessorImpl.invoke0(Native Method)
at java.base/jdk.internal.reflect.NativeMethodAccessorImpl.invoke(NativeMethodAccessorImpl.java:77)
at java.base/jdk.internal.reflect.DelegatingMethodAccessorImpl.invoke(DelegatingMethodAccessorImpl.java:43)
at java.base/java.lang.reflect.Method.invoke(Method.java:568)
at org.testng.internal.MethodInvocationHelper.invokeMethod(MethodInvocationHelper.java:133)
at org.testng.internal.TestInvoker.invokeMethod(TestInvoker.java:598)
at org.testng.internal.TestInvoker.invokeTestMethod(TestInvoker.java:173)
at org.testng.internal.MethodRunner.runInSequence(MethodRunner.java:46)
at org.testng.internal.TestInvoker$MethodInvocationAgent.invoke(TestInvoker.java:824)
at org.testng.internal.TestInvoker.invokeTestMethods(TestInvoker.java:146)
at org.testng.internal.TestMethodWorker.invokeTestMethods(TestMethodWorker.java:146)
at org.testng.internal.TestMethodWorker.run(TestMethodWorker.java:128)
at java.base/java.util.ArrayList.forEach(ArrayList.java:1511)
at org.testng.TestRunner.privateRun(TestRunner.java:794)
at org.testng.TestRunner.run(TestRunner.java:596)
at org.testng.SuiteRunner.runTest(SuiteRunner.java:377)
at org.testng.SuiteRunner.runSequentially(SuiteRunner.java:371)
at org.testng.SuiteRunner.privateRun(SuiteRunner.java:332)
at org.testng.SuiteRunner.run(SuiteRunner.java:276)
at org.testng.SuiteRunnerWorker.runSuite(SuiteRunnerWorker.java:53)
at org.testng.SuiteRunnerWorker.run(SuiteRunnerWorker.java:96)
at org.testng.TestNG.runSuitesSequentially(TestNG.java:1212)
at org.testng.TestNG.runSuitesLocally(TestNG.java:1134)
at org.testng.TestNG.runSuites(TestNG.java:1063)
at org.testng.TestNG.run(TestNG.java:1031)
at org.testng.remote.AbstractRemoteTestNG.run(AbstractRemoteTestNG.java:115)
at org.testng.remote.RemoteTestNG.initAndRun(RemoteTestNG.java:293)
at org.testng.remote.RemoteTestNG.main(RemoteTestNG.java:91)
]]>
            </full-stacktrace>
          </exception> <!-- org.openqa.selenium.NoSuchElementException -->
          <reporter-output>
          </reporter-output>
        </test-method> <!-- validateHomepage -->
        <test-method is-config="true" signature="tearDown()[pri:0, instance:com.jala.qa.testlayer.HomeTestPage@3899782c]" started-at="2024-12-05T21:15:58 IST" name="tearDown" finished-at="2024-12-05T21:16:02 IST" duration-ms="4362" status="PASS">
          <reporter-output>
          </reporter-output>
        </test-method> <!-- tearDown -->
      </class> <!-- com.jala.qa.testlayer.HomeTestPage -->
    </test> <!-- Test -->
  </suite> <!-- Suite -->
</testng-results>
